mkdir -p objs/
g++  -O0  -I../common  -o cudaSaxpy objs/main.o  objs/saxpy_basic.o  -L/opt/apps/cuda/11.3/lib64/ -lcudart -Wl,-rpath=/opt/apps/cuda/11.3/lib64
g++  -O0  -I../common  -o cudaSaxpyUvm objs/main.o  objs/saxpy_uvm.o  -L/opt/apps/cuda/11.3/lib64/ -lcudart -Wl,-rpath=/opt/apps/cuda/11.3/lib64
g++  -O0  -I../common  -o cudaSaxpyStream objs/main.o  objs/saxpy_stream.o  -L/opt/apps/cuda/11.3/lib64/ -lcudart -Wl,-rpath=/opt/apps/cuda/11.3/lib64
---------------------------------------------------------
Found 4 CUDA devices
Device 0: GeForce GTX 1080 Ti
   SMs:        28
   Global mem: 11178 MB
   CUDA Cap:   6.1
Device 1: GeForce GTX 1080 Ti
   SMs:        28
   Global mem: 11178 MB
   CUDA Cap:   6.1
Device 2: GeForce GTX 1080 Ti
   SMs:        28
   Global mem: 11178 MB
   CUDA Cap:   6.1
Device 3: GeForce GTX 1080 Ti
   SMs:        28
   Global mem: 11178 MB
   CUDA Cap:   6.1
---------------------------------------------------------
Overall time :  894.634 ms [   6.246 GB/s ]
GPU Kernel   :   16.546 ms [ 112.577 Ops/s]
Copy CPU->GPU:  606.607 ms [   6.141 GB/s ]
Copy CPU<-GPU:  271.479 ms [   6.861 GB/s ]
check_saxpy
Test succeeded
---------------------------------------------------------
Found 4 CUDA devices
Device 0: GeForce GTX 1080 Ti
   SMs:        28
   Global mem: 11178 MB
   CUDA Cap:   6.1
Device 1: GeForce GTX 1080 Ti
   SMs:        28
   Global mem: 11178 MB
   CUDA Cap:   6.1
Device 2: GeForce GTX 1080 Ti
   SMs:        28
   Global mem: 11178 MB
   CUDA Cap:   6.1
Device 3: GeForce GTX 1080 Ti
   SMs:        28
   Global mem: 11178 MB
   CUDA Cap:   6.1
---------------------------------------------------------
Overall time :  246.637 ms [  22.657 GB/s ]
GPU Kernel   :  246.634 ms [   7.552 Ops/s]
Copy CPU->GPU:    0.000 ms [     inf GB/s ]
Copy CPU<-GPU:    0.000 ms [     inf GB/s ]
check_saxpy
Test succeeded
---------------------------------------------------------
Found 4 CUDA devices
Device 0: GeForce GTX 1080 Ti
   SMs:        28
   Global mem: 11178 MB
   CUDA Cap:   6.1
Device 1: GeForce GTX 1080 Ti
   SMs:        28
   Global mem: 11178 MB
   CUDA Cap:   6.1
Device 2: GeForce GTX 1080 Ti
   SMs:        28
   Global mem: 11178 MB
   CUDA Cap:   6.1
Device 3: GeForce GTX 1080 Ti
   SMs:        28
   Global mem: 11178 MB
   CUDA Cap:   6.1
---------------------------------------------------------
Overall time :  409.604 ms [  13.642 GB/s ]
GPU Kernel   :    0.000 ms [     inf Ops/s]
Copy CPU->GPU:    0.000 ms [     inf GB/s ]
Copy CPU<-GPU:    0.000 ms [     inf GB/s ]
check_saxpy
Test succeeded
