Rendering to 1024x1024 image
Loaded scene with 3 circles
Loaded scene with 3 circles
---------------------------------------------------------
Initializing CUDA for CudaRenderer
Found 4 CUDA devices
Device 0: GeForce GTX 1080 Ti
   SMs:        28
   Global mem: 11178 MB
   CUDA Cap:   6.1
Device 1: GeForce GTX 1080 Ti
   SMs:        28
   Global mem: 11178 MB
   CUDA Cap:   6.1
Device 2: GeForce GTX 1080 Ti
   SMs:        28
   Global mem: 11178 MB
   CUDA Cap:   6.1
Device 3: GeForce GTX 1080 Ti
   SMs:        28
   Global mem: 11178 MB
   CUDA Cap:   6.1
---------------------------------------------------------

Running benchmark, 1 frames, beginning at frame 0 ...
Copying image data from device
Mismatch detected at pixel [209][458], value = 0.750000, expected 0.500000 for color Red
Mismatch detected at pixel [209][458], value = 0.500000, expected 0.750000 for color Green
Mismatch detected at pixel [209][459], value = 0.750000, expected 0.500000 for color Red
Mismatch detected at pixel [209][459], value = 0.500000, expected 0.750000 for color Green
Mismatch detected at pixel [209][460], value = 0.750000, expected 0.500000 for color Red
Mismatch detected at pixel [209][460], value = 0.500000, expected 0.750000 for color Green
ERROR : Mismatch detected between reference and actual
