Rendering to 1024x1024 image
Loaded data for 100000 circles from snow.par
Loaded scene with 100000 circles
Loaded data for 100000 circles from snow.par
Loaded scene with 100000 circles
---------------------------------------------------------
Initializing CUDA for CudaRenderer
Found 4 CUDA devices
Device 0: GeForce GTX 1080 Ti
   SMs:        28
   Global mem: 11178 MB
   CUDA Cap:   6.1
Device 1: GeForce GTX 1080 Ti
   SMs:        28
   Global mem: 11178 MB
   CUDA Cap:   6.1
Device 2: GeForce GTX 1080 Ti
   SMs:        28
   Global mem: 11178 MB
   CUDA Cap:   6.1
Device 3: GeForce GTX 1080 Ti
   SMs:        28
   Global mem: 11178 MB
   CUDA Cap:   6.1
---------------------------------------------------------

Running benchmark, 1 frames, beginning at frame 0 ...
Copying image data from device
Mismatch detected at pixel [494][182], value = 0.705471, expected 0.806622 for color Red
Mismatch detected at pixel [494][183], value = 0.695885, expected 0.800681 for color Red
Mismatch detected at pixel [494][184], value = 0.691610, expected 0.797550 for color Red
Mismatch detected at pixel [494][185], value = 0.694344, expected 0.798280 for color Red
Mismatch detected at pixel [536][629], value = 0.641017, expected 0.741528 for color Red
Mismatch detected at pixel [630][963], value = 0.651822, expected 0.765804 for color Red
ERROR : Mismatch detected between reference and actual
