Rendering to 1024x1024 image
Loaded scene with 100000 circles
Loaded scene with 100000 circles
---------------------------------------------------------
Initializing CUDA for CudaRenderer
Found 4 CUDA devices
Device 0: GeForce GTX 1080 Ti
   SMs:        28
   Global mem: 11178 MB
   CUDA Cap:   6.1
Device 1: GeForce GTX 1080 Ti
   SMs:        28
   Global mem: 11178 MB
   CUDA Cap:   6.1
Device 2: GeForce GTX 1080 Ti
   SMs:        28
   Global mem: 11178 MB
   CUDA Cap:   6.1
Device 3: GeForce GTX 1080 Ti
   SMs:        28
   Global mem: 11178 MB
   CUDA Cap:   6.1
---------------------------------------------------------

Running benchmark, 1 frames, beginning at frame 0 ...
Copying image data from device
Mismatch detected at pixel [0][63], value = 0.806504, expected 1.018076 for color Red
Mismatch detected at pixel [0][63], value = 0.606931, expected 0.468996 for color Green
Mismatch detected at pixel [0][63], value = 0.332918, expected 0.436424 for color Blue
Mismatch detected at pixel [0][64], value = 0.806504, expected 1.018076 for color Red
Mismatch detected at pixel [0][64], value = 0.606931, expected 0.468996 for color Green
Mismatch detected at pixel [0][64], value = 0.332918, expected 0.436424 for color Blue
ERROR : Mismatch detected between reference and actual
