Rendering to 1024x1024 image
Loaded scene with 10000 circles
Loaded scene with 10000 circles
---------------------------------------------------------
Initializing CUDA for CudaRenderer
Found 4 CUDA devices
Device 0: GeForce GTX 1080 Ti
   SMs:        28
   Global mem: 11178 MB
   CUDA Cap:   6.1
Device 1: GeForce GTX 1080 Ti
   SMs:        28
   Global mem: 11178 MB
   CUDA Cap:   6.1
Device 2: GeForce GTX 1080 Ti
   SMs:        28
   Global mem: 11178 MB
   CUDA Cap:   6.1
Device 3: GeForce GTX 1080 Ti
   SMs:        28
   Global mem: 11178 MB
   CUDA Cap:   6.1
---------------------------------------------------------

Running benchmark, 1 frames, beginning at frame 0 ...
Copying image data from device
Mismatch detected at pixel [0][0], value = 0.384064, expected 0.675655 for color Red
Mismatch detected at pixel [0][0], value = 0.832186, expected 0.691850 for color Blue
Mismatch detected at pixel [0][1], value = 0.503228, expected 0.675655 for color Red
Mismatch detected at pixel [0][2], value = 0.504828, expected 0.675655 for color Red
Mismatch detected at pixel [0][2], value = 0.880207, expected 0.691850 for color Blue
Mismatch detected at pixel [0][3], value = 0.794488, expected 0.673042 for color Red
ERROR : Mismatch detected between reference and actual
