Rendering to 1024x1024 image
Loaded scene with 10000 circles
Loaded scene with 10000 circles
---------------------------------------------------------
Initializing CUDA for CudaRenderer
Found 4 CUDA devices
Device 0: GeForce GTX 1080 Ti
   SMs:        28
   Global mem: 11178 MB
   CUDA Cap:   6.1
Device 1: GeForce GTX 1080 Ti
   SMs:        28
   Global mem: 11178 MB
   CUDA Cap:   6.1
Device 2: GeForce GTX 1080 Ti
   SMs:        28
   Global mem: 11178 MB
   CUDA Cap:   6.1
Device 3: GeForce GTX 1080 Ti
   SMs:        28
   Global mem: 11178 MB
   CUDA Cap:   6.1
---------------------------------------------------------

Running benchmark, 1 frames, beginning at frame 0 ...
Copying image data from device
Mismatch detected at pixel [0][0], value = 0.731927, expected 0.517278 for color Red
Mismatch detected at pixel [0][0], value = 0.603245, expected 0.457493 for color Green
Mismatch detected at pixel [0][0], value = 0.855338, expected 0.682798 for color Blue
Mismatch detected at pixel [0][1], value = 0.910948, expected 0.682798 for color Blue
Mismatch detected at pixel [0][2], value = 0.671297, expected 0.517276 for color Red
Mismatch detected at pixel [0][2], value = 0.854608, expected 0.682798 for color Blue
ERROR : Mismatch detected between reference and actual
