Rendering to 1024x1024 image
Loaded scene with 10000 circles
Loaded scene with 10000 circles
---------------------------------------------------------
Initializing CUDA for CudaRenderer
Found 4 CUDA devices
Device 0: GeForce GTX 1080 Ti
   SMs:        28
   Global mem: 11178 MB
   CUDA Cap:   6.1
Device 1: GeForce GTX 1080 Ti
   SMs:        28
   Global mem: 11178 MB
   CUDA Cap:   6.1
Device 2: GeForce GTX 1080 Ti
   SMs:        28
   Global mem: 11178 MB
   CUDA Cap:   6.1
Device 3: GeForce GTX 1080 Ti
   SMs:        28
   Global mem: 11178 MB
   CUDA Cap:   6.1
---------------------------------------------------------

Running benchmark, 1 frames, beginning at frame 0 ...
Copying image data from device
Mismatch detected at pixel [0][0], value = 0.461677, expected 0.675655 for color Red
Mismatch detected at pixel [0][1], value = 0.861752, expected 0.691850 for color Blue
Mismatch detected at pixel [0][2], value = 0.538215, expected 0.675655 for color Red
Mismatch detected at pixel [0][2], value = 0.883451, expected 0.691850 for color Blue
Mismatch detected at pixel [0][3], value = 0.406959, expected 0.673042 for color Red
Mismatch detected at pixel [0][3], value = 0.633176, expected 0.439713 for color Green
ERROR : Mismatch detected between reference and actual
