Rendering to 1024x1024 image
Loaded scene with 10000 circles
---------------------------------------------------------
Initializing CUDA for CudaRenderer
Found 4 CUDA devices
Device 0: GeForce GTX 1080 Ti
   SMs:        28
   Global mem: 11178 MB
   CUDA Cap:   6.1
Device 1: GeForce GTX 1080 Ti
   SMs:        28
   Global mem: 11178 MB
   CUDA Cap:   6.1
Device 2: GeForce GTX 1080 Ti
   SMs:        28
   Global mem: 11178 MB
   CUDA Cap:   6.1
Device 3: GeForce GTX 1080 Ti
   SMs:        28
   Global mem: 11178 MB
   CUDA Cap:   6.1
---------------------------------------------------------
Render ready: running in benchmark mode

Running benchmark, 4 frames, beginning at frame 0 ...
real final pixel: 0.679669 0.432959 0.697143
real final pixel: 0.679669 0.432959 0.697143
real final pixel: 0.679669 0.432959 0.697143
real final pixel: 0.679669 0.432959 0.697143
Clear:    0.0586 ms
Advance:  0.0011 ms
Render:   2.0107 ms
Total:    2.0703 ms

Overall:  0.0084 sec (note units are seconds)
