Rendering to 1024x1024 image
Loaded scene with 10000 circles
---------------------------------------------------------
Initializing CUDA for CudaRenderer
Found 4 CUDA devices
Device 0: GeForce GTX 1080 Ti
   SMs:        28
   Global mem: 11178 MB
   CUDA Cap:   6.1
Device 1: GeForce GTX 1080 Ti
   SMs:        28
   Global mem: 11178 MB
   CUDA Cap:   6.1
Device 2: GeForce GTX 1080 Ti
   SMs:        28
   Global mem: 11178 MB
   CUDA Cap:   6.1
Device 3: GeForce GTX 1080 Ti
   SMs:        28
   Global mem: 11178 MB
   CUDA Cap:   6.1
---------------------------------------------------------
Render ready: running in benchmark mode

Running benchmark, 4 frames, beginning at frame 0 ...
real final pixel: 0.493851 0.444750 0.673377
real final pixel: 0.493851 0.444750 0.673377
real final pixel: 0.493851 0.444750 0.673377
real final pixel: 0.493851 0.444750 0.673377
Clear:    0.0579 ms
Advance:  0.0011 ms
Render:   1.9941 ms
Total:    2.0531 ms

Overall:  0.0083 sec (note units are seconds)
