Rendering to 1024x1024 image
Loaded scene with 100000 circles
---------------------------------------------------------
Initializing CUDA for CudaRenderer
Found 4 CUDA devices
Device 0: GeForce GTX 1080 Ti
   SMs:        28
   Global mem: 11178 MB
   CUDA Cap:   6.1
Device 1: GeForce GTX 1080 Ti
   SMs:        28
   Global mem: 11178 MB
   CUDA Cap:   6.1
Device 2: GeForce GTX 1080 Ti
   SMs:        28
   Global mem: 11178 MB
   CUDA Cap:   6.1
Device 3: GeForce GTX 1080 Ti
   SMs:        28
   Global mem: 11178 MB
   CUDA Cap:   6.1
---------------------------------------------------------
Render ready: running in benchmark mode

Running benchmark, 4 frames, beginning at frame 0 ...
real final pixel: 0.842342 0.587922 0.320590
real final pixel: 0.842342 0.587922 0.320590
real final pixel: 0.842342 0.587922 0.320590
real final pixel: 0.842342 0.587922 0.320590
Clear:    0.0555 ms
Advance:  0.0010 ms
Render:   17.6498 ms
Total:    17.7062 ms

Overall:  0.0709 sec (note units are seconds)
